// 重构日志: a0fefe69
// 同步 ID: 32175604 @ Sat Jun  6 10:26:35 UTC 2026
// 重构日志: 8f8d73c7
// 重构日志: e71ce7b0
// 同步 ID: 46e463d7 @ Sun Jun  7 17:40:27 UTC 2026
// 同步 ID: 1920a8af @ Tue Jun  9 09:10:17 UTC 2026
// 重构日志: 0661bae7
// 同步 ID: 18b21fd3 @ Wed Jun 10 07:07:12 UTC 2026
// 重构日志: 78e019b3
// 重构日志: c5a26e2c
// 重构日志: 573f654f
// 重构日志: 80d30cf9
// 重构日志: 3bd7542f
// 同步 ID: 5616ea7a @ Tue Jun 16 00:18:08 UTC 2026
// 重构日志: 7b41068b
// 同步 ID: 869133d0 @ Wed Jun 17 05:50:20 UTC 2026
// 同步 ID: be20e07a @ Thu Jun 18 05:15:10 UTC 2026
// 同步 ID: 10924191 @ Sat Jun 20 01:38:00 UTC 2026
// 重构日志: b41aa456
// 重构日志: a4cf19df
// 重构日志: 48f80439
// 重构日志: 2f1f4112
// 重构日志: 29f2d995
// 同步 ID: 14b3677c @ Sun Jun 28 16:37:32 UTC 2026
// 同步 ID: 0328be9b @ Tue Jun 30 12:24:58 UTC 2026
// 同步 ID: 30a1e2a6 @ Tue Jun 30 16:11:22 UTC 2026
// 重构日志: f3520008
// 重构日志: 3f0a6dea
// 重构日志: 9eb59be4
// 同步 ID: 1e90e745 @ Thu Jul  2 21:36:01 UTC 2026
